app/build/intermediates/manifest_merge_blame_file/debug/manifest-merger-blame-debug-report.txt
1<?xml version="1.0" encoding="utf-8"?>
2<manifest xmlns:android="http://schemas.android.com/apk/res/android"
3    package="org.cubiit.admanager.dev"
4    android:versionCode="3"
5    android:versionName="0.3" >
6
7    <uses-sdk
8        android:minSdkVersion="19"
8-->src\main\AndroidManifest.xml
9        android:targetSdkVersion="33" />
9-->src\main\AndroidManifest.xml
10
11    <uses-permission android:name="android.permission.ACCESS_NETWORK_STATE" />
11-->src\main\AndroidManifest.xml:5:5-79
11-->src\main\AndroidManifest.xml:5:22-76
12    <uses-permission android:name="android.permission.INTERNET" />
12-->src\main\AndroidManifest.xml:6:5-67
12-->src\main\AndroidManifest.xml:6:22-64
13
14    <queries>
14-->[com.facebook.android:audience-network-sdk:6.14.0] AndroidManifest.xml:11:5-13:15
15        <package android:name="com.facebook.katana" />
15-->[com.facebook.android:audience-network-sdk:6.14.0] AndroidManifest.xml:12:9-55
15-->[com.facebook.android:audience-network-sdk:6.14.0] AndroidManifest.xml:12:18-52
16        <!-- For browser content -->
17        <intent>
17-->[com.google.android.gms:play-services-ads-lite:22.1.0] AndroidManifest.xml:35:9-41:18
18            <action android:name="android.intent.action.VIEW" />
18-->[com.google.android.gms:play-services-ads-lite:22.1.0] AndroidManifest.xml:36:13-65
18-->[com.google.android.gms:play-services-ads-lite:22.1.0] AndroidManifest.xml:36:21-62
19
20            <category android:name="android.intent.category.BROWSABLE" />
20-->[com.google.android.gms:play-services-ads-lite:22.1.0] AndroidManifest.xml:38:13-74
20-->[com.google.android.gms:play-services-ads-lite:22.1.0] AndroidManifest.xml:38:23-71
21
22            <data android:scheme="https" />
22-->[com.google.android.gms:play-services-ads-lite:22.1.0] AndroidManifest.xml:40:13-44
22-->[com.google.android.gms:play-services-ads-lite:22.1.0] AndroidManifest.xml:40:19-41
23        </intent> <!-- End of browser content -->
24        <!-- For CustomTabsService -->
25        <intent>
25-->[com.google.android.gms:play-services-ads-lite:22.1.0] AndroidManifest.xml:44:9-46:18
26            <action android:name="android.support.customtabs.action.CustomTabsService" />
26-->[com.google.android.gms:play-services-ads-lite:22.1.0] AndroidManifest.xml:45:13-90
26-->[com.google.android.gms:play-services-ads-lite:22.1.0] AndroidManifest.xml:45:21-87
27        </intent>
28    </queries>
29
30    <uses-permission android:name="com.google.android.gms.permission.AD_ID" />
30-->[com.facebook.android:audience-network-sdk:6.14.0] AndroidManifest.xml:17:5-79
30-->[com.facebook.android:audience-network-sdk:6.14.0] AndroidManifest.xml:17:22-76
31    <uses-permission android:name="android.permission.WAKE_LOCK" /> <!-- Required by older versions of Google Play services to create IID tokens -->
31-->[com.google.firebase:firebase-messaging:22.0.0] AndroidManifest.xml:23:5-68
31-->[com.google.firebase:firebase-messaging:22.0.0] AndroidManifest.xml:23:22-65
32    <uses-permission android:name="com.google.android.c2dm.permission.RECEIVE" />
32-->[com.google.firebase:firebase-messaging:22.0.0] AndroidManifest.xml:25:5-82
32-->[com.google.firebase:firebase-messaging:22.0.0] AndroidManifest.xml:25:22-79
33    <uses-permission android:name="com.google.android.finsky.permission.BIND_GET_INSTALL_REFERRER_SERVICE" />
33-->[com.google.android.gms:play-services-measurement:21.3.0] AndroidManifest.xml:26:5-110
33-->[com.google.android.gms:play-services-measurement:21.3.0] AndroidManifest.xml:26:22-107
34    <uses-permission android:name="android.permission.FOREGROUND_SERVICE" />
34-->[androidx.work:work-runtime:2.7.0] AndroidManifest.xml:28:5-77
34-->[androidx.work:work-runtime:2.7.0] AndroidManifest.xml:28:22-74
35
36    <permission
36-->[androidx.core:core:1.9.0] AndroidManifest.xml:22:5-24:47
37        android:name="org.cubiit.admanager.dev.DYNAMIC_RECEIVER_NOT_EXPORTED_PERMISSION"
37-->[androidx.core:core:1.9.0] AndroidManifest.xml:23:9-81
38        android:protectionLevel="signature" />
38-->[androidx.core:core:1.9.0] AndroidManifest.xml:24:9-44
39
40    <uses-permission android:name="org.cubiit.admanager.dev.DYNAMIC_RECEIVER_NOT_EXPORTED_PERMISSION" />
40-->[androidx.core:core:1.9.0] AndroidManifest.xml:26:5-97
40-->[androidx.core:core:1.9.0] AndroidManifest.xml:26:22-94
41
42    <application
42-->src\main\AndroidManifest.xml:8:5-36:19
43        android:name="org.cubiit.admanager.AdManager"
43-->src\main\AndroidManifest.xml:9:9-54
44        android:allowBackup="true"
44-->src\main\AndroidManifest.xml:10:9-35
45        android:appComponentFactory="androidx.core.app.CoreComponentFactory"
45-->[androidx.core:core:1.9.0] AndroidManifest.xml:28:18-86
46        android:debuggable="true"
47        android:icon="@drawable/cubiit_logo"
47-->src\main\AndroidManifest.xml:11:9-45
48        android:label="@string/app_name"
48-->src\main\AndroidManifest.xml:13:9-41
49        android:logo="@drawable/cubiit_logo"
49-->src\main\AndroidManifest.xml:12:9-45
50        android:supportsRtl="true"
50-->src\main\AndroidManifest.xml:14:9-35
51        android:testOnly="true"
52        android:theme="@style/Theme.AdManager" >
52-->src\main\AndroidManifest.xml:15:9-47
53        <activity
53-->src\main\AndroidManifest.xml:16:9-19:87
54            android:name="org.cubiit.admanager.AdsActivity"
54-->src\main\AndroidManifest.xml:17:13-60
55            android:exported="true"
55-->src\main\AndroidManifest.xml:18:13-36
56            android:parentActivityName="org.cubiit.admanager.MainActivity" />
56-->src\main\AndroidManifest.xml:19:13-75
57        <!-- Sample AdMob App ID: ca-app-pub-3940256099942544~3347511713 -->
58        <meta-data
58-->src\main\AndroidManifest.xml:21:9-23:70
59            android:name="com.google.android.gms.ads.APPLICATION_ID"
59-->src\main\AndroidManifest.xml:22:13-69
60            android:value="ca-app-pub-3940256099942544~3347511713" />
60-->src\main\AndroidManifest.xml:23:13-67
61        <meta-data
61-->src\main\AndroidManifest.xml:24:9-25:36
62            android:name="com.google.android.gms.ads.flag.NATIVE_AD_DEBUGGER_ENABLED"
62-->src\main\AndroidManifest.xml:24:20-93
63            android:value="true" />
63-->src\main\AndroidManifest.xml:25:13-33
64
65        <activity
65-->src\main\AndroidManifest.xml:27:9-34:20
66            android:name="org.cubiit.admanager.SplashScreen"
66-->src\main\AndroidManifest.xml:27:19-67
67            android:exported="true" >
67-->src\main\AndroidManifest.xml:28:13-36
68            <intent-filter>
68-->src\main\AndroidManifest.xml:29:13-33:29
69                <action android:name="android.intent.action.MAIN" />
69-->src\main\AndroidManifest.xml:30:17-69
69-->src\main\AndroidManifest.xml:30:25-66
70
71                <category android:name="android.intent.category.LAUNCHER" />
71-->src\main\AndroidManifest.xml:32:17-77
71-->src\main\AndroidManifest.xml:32:27-74
72            </intent-filter>
73        </activity>
74        <activity android:name="org.cubiit.admanager.MainActivity" />
74-->src\main\AndroidManifest.xml:35:9-79
74-->src\main\AndroidManifest.xml:35:19-67
75        <activity android:name="mediation.helper.backpress.MediationBackPressDialog" /> <!-- for ads -->
75-->[:adhelper] AndroidManifest.xml:11:9-88
75-->[:adhelper] AndroidManifest.xml:11:19-85
76        <activity
76-->[:adhelper] AndroidManifest.xml:15:9-18:50
77            android:name="com.facebook.ads.AudienceNetworkActivity"
77-->[:adhelper] AndroidManifest.xml:16:13-68
78            android:configChanges="keyboardHidden|orientation|screenSize"
78-->[:adhelper] AndroidManifest.xml:17:13-74
79            android:exported="false"
79-->[com.facebook.android:audience-network-sdk:6.14.0] AndroidManifest.xml:23:13-37
80            android:hardwareAccelerated="true"
80-->[:adhelper] AndroidManifest.xml:18:13-47
81            android:theme="@android:style/Theme.Translucent.NoTitleBar" />
81-->[com.facebook.android:audience-network-sdk:6.14.0] AndroidManifest.xml:24:13-72
82
83        <meta-data
83-->[:adhelper] AndroidManifest.xml:20:9-22:36
84            android:name="com.google.android.gms.ads.AD_MANAGER_APP"
84-->[:adhelper] AndroidManifest.xml:21:13-69
85            android:value="true" />
85-->[:adhelper] AndroidManifest.xml:22:13-33
86        <meta-data
86-->[:adhelper] AndroidManifest.xml:23:9-25:69
87            android:name="com.google.android.gms.version"
87-->[:adhelper] AndroidManifest.xml:24:13-58
88            android:value="@integer/google_play_services_version" />
88-->[:adhelper] AndroidManifest.xml:25:13-66
89
90        <activity
90-->[:adhelper] AndroidManifest.xml:27:9-31:41
91            android:name="com.google.android.gms.ads.AdActivity"
91-->[:adhelper] AndroidManifest.xml:28:13-65
92            android:configChanges="keyboard|keyboardHidden|orientation|screenLayout|uiMode|screenSize|smallestScreenSize"
92-->[:adhelper] AndroidManifest.xml:29:13-122
93            android:exported="false"
93-->[com.google.android.gms:play-services-ads-lite:22.1.0] AndroidManifest.xml:56:13-37
94            android:multiprocess="true"
94-->[:adhelper] AndroidManifest.xml:30:13-40
95            android:process=":remote"
95-->[:adhelper] AndroidManifest.xml:31:13-38
96            android:theme="@android:style/Theme.Translucent" />
96-->[com.google.android.gms:play-services-ads-lite:22.1.0] AndroidManifest.xml:57:13-61
97        <activity
97-->[:adhelper] AndroidManifest.xml:32:9-34:54
98            android:name="mediation.helper.interstitial.CubiInterstitialAdActivity"
98-->[:adhelper] AndroidManifest.xml:33:13-84
99            android:theme="@style/FullscreenTheme" />
99-->[:adhelper] AndroidManifest.xml:34:13-51
100
101        <provider
101-->[com.facebook.android:audience-network-sdk:6.14.0] AndroidManifest.xml:26:9-29:40
102            android:name="com.facebook.ads.AudienceNetworkContentProvider"
102-->[com.facebook.android:audience-network-sdk:6.14.0] AndroidManifest.xml:27:13-75
103            android:authorities="org.cubiit.admanager.dev.AudienceNetworkContentProvider"
103-->[com.facebook.android:audience-network-sdk:6.14.0] AndroidManifest.xml:28:13-82
104            android:exported="false" />
104-->[com.facebook.android:audience-network-sdk:6.14.0] AndroidManifest.xml:29:13-37
105
106        <receiver
106-->[com.google.firebase:firebase-messaging:22.0.0] AndroidManifest.xml:28:9-35:20
107            android:name="com.google.firebase.iid.FirebaseInstanceIdReceiver"
107-->[com.google.firebase:firebase-messaging:22.0.0] AndroidManifest.xml:29:13-78
108            android:exported="true"
108-->[com.google.firebase:firebase-messaging:22.0.0] AndroidManifest.xml:30:13-36
109            android:permission="com.google.android.c2dm.permission.SEND" >
109-->[com.google.firebase:firebase-messaging:22.0.0] AndroidManifest.xml:31:13-73
110            <intent-filter>
110-->[com.google.firebase:firebase-messaging:22.0.0] AndroidManifest.xml:32:13-34:29
111                <action android:name="com.google.android.c2dm.intent.RECEIVE" />
111-->[com.google.firebase:firebase-messaging:22.0.0] AndroidManifest.xml:33:17-81
111-->[com.google.firebase:firebase-messaging:22.0.0] AndroidManifest.xml:33:25-78
112            </intent-filter>
113        </receiver>
114        <!--
115             FirebaseMessagingService performs security checks at runtime,
116             but set to not exported to explicitly avoid allowing another app to call it.
117        -->
118        <service
118-->[com.google.firebase:firebase-messaging:22.0.0] AndroidManifest.xml:41:9-48:19
119            android:name="com.google.firebase.messaging.FirebaseMessagingService"
119-->[com.google.firebase:firebase-messaging:22.0.0] AndroidManifest.xml:42:13-82
120            android:directBootAware="true"
120-->[com.google.firebase:firebase-messaging:22.0.0] AndroidManifest.xml:43:13-43
121            android:exported="false" >
121-->[com.google.firebase:firebase-messaging:22.0.0] AndroidManifest.xml:44:13-37
122            <intent-filter android:priority="-500" >
122-->[com.google.firebase:firebase-messaging:22.0.0] AndroidManifest.xml:45:13-47:29
122-->[com.google.firebase:firebase-messaging:22.0.0] AndroidManifest.xml:45:28-51
123                <action android:name="com.google.firebase.MESSAGING_EVENT" />
123-->[com.google.firebase:firebase-messaging:22.0.0] AndroidManifest.xml:46:17-78
123-->[com.google.firebase:firebase-messaging:22.0.0] AndroidManifest.xml:46:25-75
124            </intent-filter>
125        </service>
126        <service
126-->[com.google.firebase:firebase-messaging:22.0.0] AndroidManifest.xml:49:9-55:19
127            android:name="com.google.firebase.components.ComponentDiscoveryService"
127-->[com.google.firebase:firebase-messaging:22.0.0] AndroidManifest.xml:50:13-84
128            android:directBootAware="true"
128-->[com.google.firebase:firebase-common:20.3.1] AndroidManifest.xml:34:13-43
129            android:exported="false" >
129-->[com.google.firebase:firebase-messaging:22.0.0] AndroidManifest.xml:51:13-37
130            <meta-data
130-->[com.google.firebase:firebase-messaging:22.0.0] AndroidManifest.xml:52:13-54:85
131                android:name="com.google.firebase.components:com.google.firebase.messaging.FirebaseMessagingRegistrar"
131-->[com.google.firebase:firebase-messaging:22.0.0] AndroidManifest.xml:53:17-119
132                android:value="com.google.firebase.components.ComponentRegistrar" />
132-->[com.google.firebase:firebase-messaging:22.0.0] AndroidManifest.xml:54:17-82
133            <meta-data
133-->[com.google.firebase:firebase-config:21.4.0] AndroidManifest.xml:31:13-33:85
134                android:name="com.google.firebase.components:com.google.firebase.remoteconfig.RemoteConfigRegistrar"
134-->[com.google.firebase:firebase-config:21.4.0] AndroidManifest.xml:32:17-117
135                android:value="com.google.firebase.components.ComponentRegistrar" />
135-->[com.google.firebase:firebase-config:21.4.0] AndroidManifest.xml:33:17-82
136            <meta-data
136-->[com.google.firebase:firebase-datatransport:18.0.0] AndroidManifest.xml:28:13-30:85
137                android:name="com.google.firebase.components:com.google.firebase.datatransport.TransportRegistrar"
137-->[com.google.firebase:firebase-datatransport:18.0.0] AndroidManifest.xml:29:17-115
138                android:value="com.google.firebase.components.ComponentRegistrar" />
138-->[com.google.firebase:firebase-datatransport:18.0.0] AndroidManifest.xml:30:17-82
139            <meta-data
139-->[com.google.android.gms:play-services-measurement-api:21.3.0] AndroidManifest.xml:31:13-33:85
140                android:name="com.google.firebase.components:com.google.firebase.analytics.connector.internal.AnalyticsConnectorRegistrar"
140-->[com.google.android.gms:play-services-measurement-api:21.3.0] AndroidManifest.xml:32:17-139
141                android:value="com.google.firebase.components.ComponentRegistrar" />
141-->[com.google.android.gms:play-services-measurement-api:21.3.0] AndroidManifest.xml:33:17-82
142            <meta-data
142-->[com.google.firebase:firebase-installations:17.1.2] AndroidManifest.xml:17:13-19:85
143                android:name="com.google.firebase.components:com.google.firebase.installations.FirebaseInstallationsRegistrar"
143-->[com.google.firebase:firebase-installations:17.1.2] AndroidManifest.xml:18:17-127
144                android:value="com.google.firebase.components.ComponentRegistrar" />
144-->[com.google.firebase:firebase-installations:17.1.2] AndroidManifest.xml:19:17-82
145            <meta-data
145-->[com.google.firebase:firebase-abt:21.1.1] AndroidManifest.xml:12:13-14:85
146                android:name="com.google.firebase.components:com.google.firebase.abt.component.AbtRegistrar"
146-->[com.google.firebase:firebase-abt:21.1.1] AndroidManifest.xml:13:17-109
147                android:value="com.google.firebase.components.ComponentRegistrar" />
147-->[com.google.firebase:firebase-abt:21.1.1] AndroidManifest.xml:14:17-82
148        </service>
149        <service
149-->[com.google.android.datatransport:transport-backend-cct:3.0.0] AndroidManifest.xml:29:9-35:19
150            android:name="com.google.android.datatransport.runtime.backends.TransportBackendDiscovery"
150-->[com.google.android.datatransport:transport-backend-cct:3.0.0] AndroidManifest.xml:30:13-103
151            android:exported="false" >
151-->[com.google.android.datatransport:transport-backend-cct:3.0.0] AndroidManifest.xml:31:13-37
152            <meta-data
152-->[com.google.android.datatransport:transport-backend-cct:3.0.0] AndroidManifest.xml:32:13-34:39
153                android:name="backend:com.google.android.datatransport.cct.CctBackendFactory"
153-->[com.google.android.datatransport:transport-backend-cct:3.0.0] AndroidManifest.xml:33:17-94
154                android:value="cct" />
154-->[com.google.android.datatransport:transport-backend-cct:3.0.0] AndroidManifest.xml:34:17-36
155        </service>
156
157        <provider
157-->[com.google.firebase:firebase-common:20.3.1] AndroidManifest.xml:25:9-30:39
158            android:name="com.google.firebase.provider.FirebaseInitProvider"
158-->[com.google.firebase:firebase-common:20.3.1] AndroidManifest.xml:26:13-77
159            android:authorities="org.cubiit.admanager.dev.firebaseinitprovider"
159-->[com.google.firebase:firebase-common:20.3.1] AndroidManifest.xml:27:13-72
160            android:directBootAware="true"
160-->[com.google.firebase:firebase-common:20.3.1] AndroidManifest.xml:28:13-43
161            android:exported="false"
161-->[com.google.firebase:firebase-common:20.3.1] AndroidManifest.xml:29:13-37
162            android:initOrder="100" />
162-->[com.google.firebase:firebase-common:20.3.1] AndroidManifest.xml:30:13-36
163
164        <receiver
164-->[com.google.android.gms:play-services-measurement:21.3.0] AndroidManifest.xml:29:9-33:20
165            android:name="com.google.android.gms.measurement.AppMeasurementReceiver"
165-->[com.google.android.gms:play-services-measurement:21.3.0] AndroidManifest.xml:30:13-85
166            android:enabled="true"
166-->[com.google.android.gms:play-services-measurement:21.3.0] AndroidManifest.xml:31:13-35
167            android:exported="false" >
167-->[com.google.android.gms:play-services-measurement:21.3.0] AndroidManifest.xml:32:13-37
168        </receiver>
169
170        <service
170-->[com.google.android.gms:play-services-measurement:21.3.0] AndroidManifest.xml:35:9-38:40
171            android:name="com.google.android.gms.measurement.AppMeasurementService"
171-->[com.google.android.gms:play-services-measurement:21.3.0] AndroidManifest.xml:36:13-84
172            android:enabled="true"
172-->[com.google.android.gms:play-services-measurement:21.3.0] AndroidManifest.xml:37:13-35
173            android:exported="false" />
173-->[com.google.android.gms:play-services-measurement:21.3.0] AndroidManifest.xml:38:13-37
174        <service
174-->[com.google.android.gms:play-services-measurement:21.3.0] AndroidManifest.xml:39:9-43:72
175            android:name="com.google.android.gms.measurement.AppMeasurementJobService"
175-->[com.google.android.gms:play-services-measurement:21.3.0] AndroidManifest.xml:40:13-87
176            android:enabled="true"
176-->[com.google.android.gms:play-services-measurement:21.3.0] AndroidManifest.xml:41:13-35
177            android:exported="false"
177-->[com.google.android.gms:play-services-measurement:21.3.0] AndroidManifest.xml:42:13-37
178            android:permission="android.permission.BIND_JOB_SERVICE" />
178-->[com.google.android.gms:play-services-measurement:21.3.0] AndroidManifest.xml:43:13-69
179
180        <provider
180-->[com.google.android.gms:play-services-ads-lite:22.1.0] AndroidManifest.xml:60:9-65:43
181            android:name="com.google.android.gms.ads.MobileAdsInitProvider"
181-->[com.google.android.gms:play-services-ads-lite:22.1.0] AndroidManifest.xml:61:13-76
182            android:authorities="org.cubiit.admanager.dev.mobileadsinitprovider"
182-->[com.google.android.gms:play-services-ads-lite:22.1.0] AndroidManifest.xml:62:13-73
183            android:exported="false"
183-->[com.google.android.gms:play-services-ads-lite:22.1.0] AndroidManifest.xml:63:13-37
184            android:initOrder="100" />
184-->[com.google.android.gms:play-services-ads-lite:22.1.0] AndroidManifest.xml:64:13-36
185
186        <service
186-->[com.google.android.gms:play-services-ads-lite:22.1.0] AndroidManifest.xml:67:9-71:43
187            android:name="com.google.android.gms.ads.AdService"
187-->[com.google.android.gms:play-services-ads-lite:22.1.0] AndroidManifest.xml:68:13-64
188            android:enabled="true"
188-->[com.google.android.gms:play-services-ads-lite:22.1.0] AndroidManifest.xml:69:13-35
189            android:exported="false" />
189-->[com.google.android.gms:play-services-ads-lite:22.1.0] AndroidManifest.xml:70:13-37
190
191        <activity
191-->[com.google.android.gms:play-services-ads-lite:22.1.0] AndroidManifest.xml:73:9-77:43
192            android:name="com.google.android.gms.ads.OutOfContextTestingActivity"
192-->[com.google.android.gms:play-services-ads-lite:22.1.0] AndroidManifest.xml:74:13-82
193            android:configChanges="keyboard|keyboardHidden|orientation|screenLayout|uiMode|screenSize|smallestScreenSize"
193-->[com.google.android.gms:play-services-ads-lite:22.1.0] AndroidManifest.xml:75:13-122
194            android:exported="false" />
194-->[com.google.android.gms:play-services-ads-lite:22.1.0] AndroidManifest.xml:76:13-37
195        <activity
195-->[com.google.android.gms:play-services-base:18.0.0] AndroidManifest.xml:20:9-22:45
196            android:name="com.google.android.gms.common.api.GoogleApiActivity"
196-->[com.google.android.gms:play-services-base:18.0.0] AndroidManifest.xml:20:19-85
197            android:exported="false"
197-->[com.google.android.gms:play-services-base:18.0.0] AndroidManifest.xml:22:19-43
198            android:theme="@android:style/Theme.Translucent.NoTitleBar" />
198-->[com.google.android.gms:play-services-base:18.0.0] AndroidManifest.xml:21:19-78
199
200        <provider
200-->[androidx.emoji2:emoji2:1.2.0] AndroidManifest.xml:24:9-32:20
201            android:name="androidx.startup.InitializationProvider"
201-->[androidx.emoji2:emoji2:1.2.0] AndroidManifest.xml:25:13-67
202            android:authorities="org.cubiit.admanager.dev.androidx-startup"
202-->[androidx.emoji2:emoji2:1.2.0] AndroidManifest.xml:26:13-68
203            android:exported="false" >
203-->[androidx.emoji2:emoji2:1.2.0] AndroidManifest.xml:27:13-37
204            <meta-data
204-->[androidx.emoji2:emoji2:1.2.0] AndroidManifest.xml:29:13-31:52
205                android:name="androidx.emoji2.text.EmojiCompatInitializer"
205-->[androidx.emoji2:emoji2:1.2.0] AndroidManifest.xml:30:17-75
206                android:value="androidx.startup" />
206-->[androidx.emoji2:emoji2:1.2.0] AndroidManifest.xml:31:17-49
207            <meta-data
207-->[androidx.work:work-runtime:2.7.0] AndroidManifest.xml:36:13-38:52
208                android:name="androidx.work.WorkManagerInitializer"
208-->[androidx.work:work-runtime:2.7.0] AndroidManifest.xml:37:17-68
209                android:value="androidx.startup" />
209-->[androidx.work:work-runtime:2.7.0] AndroidManifest.xml:38:17-49
210            <meta-data
210-->[androidx.lifecycle:lifecycle-process:2.4.1] AndroidManifest.xml:31:13-33:52
211                android:name="androidx.lifecycle.ProcessLifecycleInitializer"
211-->[androidx.lifecycle:lifecycle-process:2.4.1] AndroidManifest.xml:32:17-78
212                android:value="androidx.startup" />
212-->[androidx.lifecycle:lifecycle-process:2.4.1] AndroidManifest.xml:33:17-49
213        </provider>
214
215        <service
215-->[androidx.work:work-runtime:2.7.0] AndroidManifest.xml:41:9-46:35
216            android:name="androidx.work.impl.background.systemalarm.SystemAlarmService"
216-->[androidx.work:work-runtime:2.7.0] AndroidManifest.xml:42:13-88
217            android:directBootAware="false"
217-->[androidx.work:work-runtime:2.7.0] AndroidManifest.xml:43:13-44
218            android:enabled="@bool/enable_system_alarm_service_default"
218-->[androidx.work:work-runtime:2.7.0] AndroidManifest.xml:44:13-72
219            android:exported="false" />
219-->[androidx.work:work-runtime:2.7.0] AndroidManifest.xml:45:13-37
220        <service
220-->[androidx.work:work-runtime:2.7.0] AndroidManifest.xml:47:9-53:35
221            android:name="androidx.work.impl.background.systemjob.SystemJobService"
221-->[androidx.work:work-runtime:2.7.0] AndroidManifest.xml:48:13-84
222            android:directBootAware="false"
222-->[androidx.work:work-runtime:2.7.0] AndroidManifest.xml:49:13-44
223            android:enabled="@bool/enable_system_job_service_default"
223-->[androidx.work:work-runtime:2.7.0] AndroidManifest.xml:50:13-70
224            android:exported="true"
224-->[androidx.work:work-runtime:2.7.0] AndroidManifest.xml:51:13-36
225            android:permission="android.permission.BIND_JOB_SERVICE" />
225-->[androidx.work:work-runtime:2.7.0] AndroidManifest.xml:52:13-69
226        <service
226-->[androidx.work:work-runtime:2.7.0] AndroidManifest.xml:54:9-59:35
227            android:name="androidx.work.impl.foreground.SystemForegroundService"
227-->[androidx.work:work-runtime:2.7.0] AndroidManifest.xml:55:13-81
228            android:directBootAware="false"
228-->[androidx.work:work-runtime:2.7.0] AndroidManifest.xml:56:13-44
229            android:enabled="@bool/enable_system_foreground_service_default"
229-->[androidx.work:work-runtime:2.7.0] AndroidManifest.xml:57:13-77
230            android:exported="false" />
230-->[androidx.work:work-runtime:2.7.0] AndroidManifest.xml:58:13-37
231
232        <receiver
232-->[androidx.work:work-runtime:2.7.0] AndroidManifest.xml:61:9-66:35
233            android:name="androidx.work.impl.utils.ForceStopRunnable$BroadcastReceiver"
233-->[androidx.work:work-runtime:2.7.0] AndroidManifest.xml:62:13-88
234            android:directBootAware="false"
234-->[androidx.work:work-runtime:2.7.0] AndroidManifest.xml:63:13-44
235            android:enabled="true"
235-->[androidx.work:work-runtime:2.7.0] AndroidManifest.xml:64:13-35
236            android:exported="false" />
236-->[androidx.work:work-runtime:2.7.0] AndroidManifest.xml:65:13-37
237        <receiver
237-->[androidx.work:work-runtime:2.7.0] AndroidManifest.xml:67:9-77:20
238            android:name="androidx.work.impl.background.systemalarm.ConstraintProxy$BatteryChargingProxy"
238-->[androidx.work:work-runtime:2.7.0] AndroidManifest.xml:68:13-106
239            android:directBootAware="false"
239-->[androidx.work:work-runtime:2.7.0] AndroidManifest.xml:69:13-44
240            android:enabled="false"
240-->[androidx.work:work-runtime:2.7.0] AndroidManifest.xml:70:13-36
241            android:exported="false" >
241-->[androidx.work:work-runtime:2.7.0] AndroidManifest.xml:71:13-37
242            <intent-filter>
242-->[androidx.work:work-runtime:2.7.0] AndroidManifest.xml:73:13-76:29
243                <action android:name="android.intent.action.ACTION_POWER_CONNECTED" />
243-->[androidx.work:work-runtime:2.7.0] AndroidManifest.xml:74:17-87
243-->[androidx.work:work-runtime:2.7.0] AndroidManifest.xml:74:25-84
244                <action android:name="android.intent.action.ACTION_POWER_DISCONNECTED" />
244-->[androidx.work:work-runtime:2.7.0] AndroidManifest.xml:75:17-90
244-->[androidx.work:work-runtime:2.7.0] AndroidManifest.xml:75:25-87
245            </intent-filter>
246        </receiver>
247        <receiver
247-->[androidx.work:work-runtime:2.7.0] AndroidManifest.xml:78:9-88:20
248            android:name="androidx.work.impl.background.systemalarm.ConstraintProxy$BatteryNotLowProxy"
248-->[androidx.work:work-runtime:2.7.0] AndroidManifest.xml:79:13-104
249            android:directBootAware="false"
249-->[androidx.work:work-runtime:2.7.0] AndroidManifest.xml:80:13-44
250            android:enabled="false"
250-->[androidx.work:work-runtime:2.7.0] AndroidManifest.xml:81:13-36
251            android:exported="false" >
251-->[androidx.work:work-runtime:2.7.0] AndroidManifest.xml:82:13-37
252            <intent-filter>
252-->[androidx.work:work-runtime:2.7.0] AndroidManifest.xml:84:13-87:29
253                <action android:name="android.intent.action.BATTERY_OKAY" />
253-->[androidx.work:work-runtime:2.7.0] AndroidManifest.xml:85:17-77
253-->[androidx.work:work-runtime:2.7.0] AndroidManifest.xml:85:25-74
254                <action android:name="android.intent.action.BATTERY_LOW" />
254-->[androidx.work:work-runtime:2.7.0] AndroidManifest.xml:86:17-76
254-->[androidx.work:work-runtime:2.7.0] AndroidManifest.xml:86:25-73
255            </intent-filter>
256        </receiver>
257        <receiver
257-->[androidx.work:work-runtime:2.7.0] AndroidManifest.xml:89:9-99:20
258            android:name="androidx.work.impl.background.systemalarm.ConstraintProxy$StorageNotLowProxy"
258-->[androidx.work:work-runtime:2.7.0] AndroidManifest.xml:90:13-104
259            android:directBootAware="false"
259-->[androidx.work:work-runtime:2.7.0] AndroidManifest.xml:91:13-44
260            android:enabled="false"
260-->[androidx.work:work-runtime:2.7.0] AndroidManifest.xml:92:13-36
261            android:exported="false" >
261-->[androidx.work:work-runtime:2.7.0] AndroidManifest.xml:93:13-37
262            <intent-filter>
262-->[androidx.work:work-runtime:2.7.0] AndroidManifest.xml:95:13-98:29
263                <action android:name="android.intent.action.DEVICE_STORAGE_LOW" />
263-->[androidx.work:work-runtime:2.7.0] AndroidManifest.xml:96:17-83
263-->[androidx.work:work-runtime:2.7.0] AndroidManifest.xml:96:25-80
264                <action android:name="android.intent.action.DEVICE_STORAGE_OK" />
264-->[androidx.work:work-runtime:2.7.0] AndroidManifest.xml:97:17-82
264-->[androidx.work:work-runtime:2.7.0] AndroidManifest.xml:97:25-79
265            </intent-filter>